--------------- Build Started: 06/10/2021 17:06:08 Project: 040_CarDrive, Configuration: ARM GCC 5.4-2016-q2-update Debug ---------------
The code generation step is up to date.
arm-none-eabi-gcc.exe -mcpu=cortex-m3 -mthumb -I.\source\asw -I.\source\rte -I.\source\bsw -I.\source\bsw\cdd -I.\source\bsw\services -I. -IGenerated_Source\PSoC5 -Wa,-alh=.\CortexM3\ARM_GCC_541\Debug/tsk_io.lst -g -D DEBUG -D CY_CORE_ID=0 -Wall -ffunction-sections -ffat-lto-objects -Og -c source\asw\tsk_io.c -o .\CortexM3\ARM_GCC_541\Debug\tsk_io.o
In file included from .\source\rte/rte.h:82:0,
                 from source\asw\tsk_io.c:20:
.\source\rte/rte_types.h:46:0: warning: "GetResource" redefined
     #define GetResource(A)
 ^
In file included from Generated_Source\PSoC5/ErikaOS_1_ee_api.inc:73:0,
                 from Generated_Source\PSoC5/ErikaOS_1_ee.h:129,
                 from Generated_Source\PSoC5/project.h:22,
                 from source\asw\tsk_io.c:18:
Generated_Source\PSoC5/ErikaOS_1_ee_oo_api.inc:136:0: note: this is the location of the previous definition
 #define GetResource               EE_oo_GetResource
 ^
In file included from .\source\rte/rte.h:82:0,
                 from source\asw\tsk_io.c:20:
.\source\rte/rte_types.h:47:0: warning: "ReleaseResource" redefined
     #define ReleaseResource(A)
 ^
In file included from Generated_Source\PSoC5/ErikaOS_1_ee_api.inc:73:0,
                 from Generated_Source\PSoC5/ErikaOS_1_ee.h:129,
                 from Generated_Source\PSoC5/project.h:22,
                 from source\asw\tsk_io.c:18:
Generated_Source\PSoC5/ErikaOS_1_ee_oo_api.inc:140:0: note: this is the location of the previous definition
 #define ReleaseResource           EE_oo_ReleaseResource
 ^
source\asw\tsk_io.c: In function 'ISR2_Xbee_rx_isr':
source\asw\tsk_io.c:148:10: warning: unused variable 'result' [-Wunused-variable]
     RC_t result = Ringbuffer_Put(&PROTOCOL_rx_buffer, data);
          ^
arm-none-eabi-ar.exe -rs .\CortexM3\ARM_GCC_541\Debug\040_CarDrive.a .\CortexM3\ARM_GCC_541\Debug\ErikaOS_1_ee_activate.o .\CortexM3\ARM_GCC_541\Debug\ErikaOS_1_ee_alcancel.o .\CortexM3\ARM_GCC_541\Debug\ErikaOS_1_ee_alget.o .\CortexM3\ARM_GCC_541\Debug\ErikaOS_1_ee_algetbase.o .\CortexM3\ARM_GCC_541\Debug\ErikaOS_1_ee_alsetabs.o .\CortexM3\ARM_GCC_541\Debug\ErikaOS_1_ee_alsetrel.o .\CortexM3\ARM_GCC_541\Debug\ErikaOS_1_ee_altick.o .\CortexM3\ARM_GCC_541\Debug\ErikaOS_1_ee_chaintas.o .\CortexM3\ARM_GCC_541\Debug\ErikaOS_1_ee_evclear.o .\CortexM3\ARM_GCC_541\Debug\ErikaOS_1_ee_evget.o .\CortexM3\ARM_GCC_541\Debug\ErikaOS_1_ee_evset.o .\CortexM3\ARM_GCC_541\Debug\ErikaOS_1_ee_evwait.o .\CortexM3\ARM_GCC_541\Debug\ErikaOS_1_ee_force_schedule.o .\CortexM3\ARM_GCC_541\Debug\ErikaOS_1_ee_getcountervalue.o .\CortexM3\ARM_GCC_541\Debug\ErikaOS_1_ee_getelapsedvalue.o .\CortexM3\ARM_GCC_541\Debug\ErikaOS_1_ee_gettaskid.o .\CortexM3\ARM_GCC_541\Debug\ErikaOS_1_ee_gettaskstate.o .\CortexM3\ARM_GCC_541\Debug\ErikaOS_1_ee_iparam.o .\CortexM3\ARM_GCC_541\Debug\ErikaOS_1_ee_irqendin.o .\CortexM3\ARM_GCC_541\Debug\ErikaOS_1_ee_lockres.o .\CortexM3\ARM_GCC_541\Debug\ErikaOS_1_ee_lookup.o .\CortexM3\ARM_GCC_541\Debug\ErikaOS_1_ee_rq_exchg.o .\CortexM3\ARM_GCC_541\Debug\ErikaOS_1_ee_rq_first.o .\CortexM3\ARM_GCC_541\Debug\ErikaOS_1_ee_rq_inser.o .\CortexM3\ARM_GCC_541\Debug\ErikaOS_1_ee_schedule.o .\CortexM3\ARM_GCC_541\Debug\ErikaOS_1_ee_semgetvalue.o .\CortexM3\ARM_GCC_541\Debug\ErikaOS_1_ee_sempost.o .\CortexM3\ARM_GCC_541\Debug\ErikaOS_1_ee_semtrywait.o .\CortexM3\ARM_GCC_541\Debug\ErikaOS_1_ee_semwait.o .\CortexM3\ARM_GCC_541\Debug\ErikaOS_1_ee_shtdown.o .\CortexM3\ARM_GCC_541\Debug\ErikaOS_1_ee_startos.o .\CortexM3\ARM_GCC_541\Debug\ErikaOS_1_ee_terminat.o .\CortexM3\ARM_GCC_541\Debug\ErikaOS_1_ee_thendin.o .\CortexM3\ARM_GCC_541\Debug\ErikaOS_1_ee_tnterm.o .\CortexM3\ARM_GCC_541\Debug\ErikaOS_1_ee_tstub.o .\CortexM3\ARM_GCC_541\Debug\ErikaOS_1_ee_ulockallres.o .\CortexM3\ARM_GCC_541\Debug\ErikaOS_1_ee_ulockres.o .\CortexM3\ARM_GCC_541\Debug\ErikaOS_1_cortex_mx_ee_context.o .\CortexM3\ARM_GCC_541\Debug\ErikaOS_1_cortex_mx_ee_system_timer.o .\CortexM3\ARM_GCC_541\Debug\ErikaOS_1_cortex_mx_ee_utils.o .\CortexM3\ARM_GCC_541\Debug\ErikaOS_1_common_ee_hal_structs.o .\CortexM3\ARM_GCC_541\Debug\ErikaOS_1_eecfg.o .\CortexM3\ARM_GCC_541\Debug\cy_em_eeprom.o .\CortexM3\ARM_GCC_541\Debug\CyDmac.o .\CortexM3\ARM_GCC_541\Debug\CyFlash.o .\CortexM3\ARM_GCC_541\Debug\CyLib.o .\CortexM3\ARM_GCC_541\Debug\cyPm.o .\CortexM3\ARM_GCC_541\Debug\CySpc.o .\CortexM3\ARM_GCC_541\Debug\cyutils.o .\CortexM3\ARM_GCC_541\Debug\UART_LOG.o .\CortexM3\ARM_GCC_541\Debug\UART_LOG_PM.o .\CortexM3\ARM_GCC_541\Debug\UART_LOG_INT.o .\CortexM3\ARM_GCC_541\Debug\UART_LOG_BOOT.o .\CortexM3\ARM_GCC_541\Debug\UART_LOG_IntClock.o .\CortexM3\ARM_GCC_541\Debug\Engine_PWM_Front.o .\CortexM3\ARM_GCC_541\Debug\Engine_PWM_Front_PM.o .\CortexM3\ARM_GCC_541\Debug\Engine_PWM_Rear.o .\CortexM3\ARM_GCC_541\Debug\Engine_PWM_Rear_PM.o .\CortexM3\ARM_GCC_541\Debug\Engine_PWM_RR.o .\CortexM3\ARM_GCC_541\Debug\Engine_PWM_RL.o .\CortexM3\ARM_GCC_541\Debug\Engine_PWM_FR.o .\CortexM3\ARM_GCC_541\Debug\Engine_PWM_FL.o .\CortexM3\ARM_GCC_541\Debug\Clock_PWM.o .\CortexM3\ARM_GCC_541\Debug\Engine_Mode_FR_1.o .\CortexM3\ARM_GCC_541\Debug\Engine_Mode_FR_2.o .\CortexM3\ARM_GCC_541\Debug\Engine_Mode_FL_1.o .\CortexM3\ARM_GCC_541\Debug\Engine_Mode_FL_2.o .\CortexM3\ARM_GCC_541\Debug\Engine_Mode_RR_1.o .\CortexM3\ARM_GCC_541\Debug\Engine_Mode_RR_2.o .\CortexM3\ARM_GCC_541\Debug\Engine_Mode_RL_1.o .\CortexM3\ARM_GCC_541\Debug\Engine_Mode_RL_2.o .\CortexM3\ARM_GCC_541\Debug\QuadDec_FR.o .\CortexM3\ARM_GCC_541\Debug\QuadDec_FR_INT.o .\CortexM3\ARM_GCC_541\Debug\QuadDec_FR_PM.o .\CortexM3\ARM_GCC_541\Debug\Engine_QuadDec_FR_A.o .\CortexM3\ARM_GCC_541\Debug\Engine_QuadDec_FR_B.o .\CortexM3\ARM_GCC_541\Debug\QuadDec_FL.o .\CortexM3\ARM_GCC_541\Debug\QuadDec_FL_INT.o .\CortexM3\ARM_GCC_541\Debug\QuadDec_FL_PM.o .\CortexM3\ARM_GCC_541\Debug\Engine_QuadDec_FL_A.o .\CortexM3\ARM_GCC_541\Debug\Engine_QuadDec_FL_B.o .\CortexM3\ARM_GCC_541\Debug\QuadDec_RR.o .\CortexM3\ARM_GCC_541\Debug\QuadDec_RR_INT.o .\CortexM3\ARM_GCC_541\Debug\QuadDec_RR_PM.o .\CortexM3\ARM_GCC_541\Debug\Engine_QuadDec_RR_A.o .\CortexM3\ARM_GCC_541\Debug\Engine_QuadDec_RR_B.o .\CortexM3\ARM_GCC_541\Debug\Engine_QuadDec_RL_A.o .\CortexM3\ARM_GCC_541\Debug\Engine_QuadDec_RL_B.o .\CortexM3\ARM_GCC_541\Debug\QuadDec_RL.o .\CortexM3\ARM_GCC_541\Debug\QuadDec_RL_INT.o .\CortexM3\ARM_GCC_541\Debug\QuadDec_RL_PM.o .\CortexM3\ARM_GCC_541\Debug\QuadDec_FR_isr.o .\CortexM3\ARM_GCC_541\Debug\QuadDec_FR_Cnt16.o .\CortexM3\ARM_GCC_541\Debug\QuadDec_FR_Cnt16_PM.o .\CortexM3\ARM_GCC_541\Debug\QuadDec_FL_isr.o .\CortexM3\ARM_GCC_541\Debug\QuadDec_FL_Cnt16.o .\CortexM3\ARM_GCC_541\Debug\QuadDec_FL_Cnt16_PM.o .\CortexM3\ARM_GCC_541\Debug\QuadDec_RR_isr.o .\CortexM3\ARM_GCC_541\Debug\QuadDec_RR_Cnt16.o .\CortexM3\ARM_GCC_541\Debug\QuadDec_RR_Cnt16_PM.o .\CortexM3\ARM_GCC_541\Debug\QuadDec_RL_isr.o .\CortexM3\ARM_GCC_541\Debug\QuadDec_RL_Cnt16.o .\CortexM3\ARM_GCC_541\Debug\QuadDec_RL_Cnt16_PM.o .\CortexM3\ARM_GCC_541\Debug\Engine_Mode_FR.o .\CortexM3\ARM_GCC_541\Debug\Engine_Mode_FR_PM.o .\CortexM3\ARM_GCC_541\Debug\Engine_Mode_RR.o .\CortexM3\ARM_GCC_541\Debug\Engine_Mode_RR_PM.o .\CortexM3\ARM_GCC_541\Debug\Engine_Mode_FL.o .\CortexM3\ARM_GCC_541\Debug\Engine_Mode_FL_PM.o .\CortexM3\ARM_GCC_541\Debug\Engine_Mode_RL.o .\CortexM3\ARM_GCC_541\Debug\Engine_Mode_RL_PM.o .\CortexM3\ARM_GCC_541\Debug\XBee.o .\CortexM3\ARM_GCC_541\Debug\XBee_PM.o .\CortexM3\ARM_GCC_541\Debug\XBee_INT.o .\CortexM3\ARM_GCC_541\Debug\XBee_BOOT.o .\CortexM3\ARM_GCC_541\Debug\Xbee_rx_isr.o .\CortexM3\ARM_GCC_541\Debug\XBee_IntClock.o .\CortexM3\ARM_GCC_541\Debug\ErikaOS_1_ee_gnu_change_context_isr.o .\CortexM3\ARM_GCC_541\Debug\ErikaOS_1_ee_gnu_irq_stack.o .\CortexM3\ARM_GCC_541\Debug\ErikaOS_1_ee_gnu_multi_context.o .\CortexM3\ARM_GCC_541\Debug\ErikaOS_1_ee_gnu_oo.o .\CortexM3\ARM_GCC_541\Debug\CyBootAsmGnu.o
arm-none-eabi-ar.exe: creating .\CortexM3\ARM_GCC_541\Debug\040_CarDrive.a
arm-none-eabi-gcc.exe -Wl,--start-group -o D:\50_HDA\60_Lehre\40_Vorlesungen\15_EAA\20_Lecture\_work\Car_v2\040_CarDrive.cydsn\CortexM3\ARM_GCC_541\Debug\040_CarDrive.elf .\CortexM3\ARM_GCC_541\Debug\main.o .\CortexM3\ARM_GCC_541\Debug\swc_control.o .\CortexM3\ARM_GCC_541\Debug\swc_engine.o .\CortexM3\ARM_GCC_541\Debug\swc_remote.o .\CortexM3\ARM_GCC_541\Debug\tsk_control.o .\CortexM3\ARM_GCC_541\Debug\tsk_io.o .\CortexM3\ARM_GCC_541\Debug\tsk_system.o .\CortexM3\ARM_GCC_541\Debug\statemachine.o .\CortexM3\ARM_GCC_541\Debug\CTRL_autonomous.o .\CortexM3\ARM_GCC_541\Debug\CTRL_manual.o .\CortexM3\ARM_GCC_541\Debug\engine.o .\CortexM3\ARM_GCC_541\Debug\engine_cfg.o .\CortexM3\ARM_GCC_541\Debug\det.o .\CortexM3\ARM_GCC_541\Debug\logging.o .\CortexM3\ARM_GCC_541\Debug\rte.o .\CortexM3\ARM_GCC_541\Debug\sc_joystick.o .\CortexM3\ARM_GCC_541\Debug\sc_joystick_type.o .\CortexM3\ARM_GCC_541\Debug\sp_common.o .\CortexM3\ARM_GCC_541\Debug\sc_carspeed.o .\CortexM3\ARM_GCC_541\Debug\sc_enginespeed.o .\CortexM3\ARM_GCC_541\Debug\sc_enginespeed_type.o .\CortexM3\ARM_GCC_541\Debug\sc_carstate.o .\CortexM3\ARM_GCC_541\Debug\sc_protocol.o .\CortexM3\ARM_GCC_541\Debug\sc_protocol_type.o .\CortexM3\ARM_GCC_541\Debug\sc_event_in.o .\CortexM3\ARM_GCC_541\Debug\sc_event_out.o .\CortexM3\ARM_GCC_541\Debug\cyfitter_cfg.o .\CortexM3\ARM_GCC_541\Debug\cymetadata.o .\CortexM3\ARM_GCC_541\Debug\Cm3Start.o .\CortexM3\ARM_GCC_541\Debug\040_CarDrive.a "C:\tool\Cypress\PSoC Creator\4.4\PSoC Creator\psoc\content\cycomponentlibrary\CyComponentLibrary.cylib\CortexM3\ARM_GCC_541\Debug\CyComponentLibrary.a" -mcpu=cortex-m3 -mthumb -L Generated_Source\PSoC5 -Wl,-Map,.\CortexM3\ARM_GCC_541\Debug/040_CarDrive.map -T Generated_Source\PSoC5\cm3gcc.ld -specs=nano.specs -Wl,--gc-sections -g -ffunction-sections -Og -ffat-lto-objects -Wl,--end-group
cyelftool.exe -C D:\50_HDA\60_Lehre\40_Vorlesungen\15_EAA\20_Lecture\_work\Car_v2\040_CarDrive.cydsn\CortexM3\ARM_GCC_541\Debug\040_CarDrive.elf --flash_row_size 256 --flash_size 262144 --flash_offset 0x00000000
No ELF section .cychecksum found, creating one
Application checksum calculated and stored in ELF section .cychecksum
Checksum calculated and stored in ELF section .cymeta
cyelftool.exe -S D:\50_HDA\60_Lehre\40_Vorlesungen\15_EAA\20_Lecture\_work\Car_v2\040_CarDrive.cydsn\CortexM3\ARM_GCC_541\Debug\040_CarDrive.elf
Flash used: 23112 of 262144 bytes (8,8 %).
SRAM used: 8633 of 65536 bytes (13,2 %). Stack: 2048 bytes. Heap: 128 bytes.
--------------- Build Succeeded: 06/10/2021 17:06:10 ---------------
