--------------- Build Started: 07/18/2023 15:12:59 Project: state_machine2.0, Configuration: ARM GCC 5.4-2016-q2-update Debug ---------------
cydsfit.exe -.appdatapath "C:\Users\umesh\AppData\Local\Cypress Semiconductor\PSoC Creator\4.4" -.fdsnotice -.fdswarpdepfile=warp_dependencies.txt -.fdselabdepfile=elab_dependencies.txt -.fdsbldfile=generated_files.txt -.fdsreffile=referenced_files.txt -p C:\my_folder\SS23\SDHD\workspace\freesoc2_psoc_creator\final_code\state_machine2.0.cydsn\state_machine2.0.cyprj -d CY8C5888AXI-LP096 -s C:\my_folder\SS23\SDHD\workspace\freesoc2_psoc_creator\final_code\state_machine2.0.cydsn\Generated_Source\PSoC5 -- -yv2 -q10 -ygs -o2 -v3 -.fftcfgtype=LE
Elaborating Design...
HDL Generation...
Synthesis...
Tech Mapping...
Analog Placement...
Info: apr.M0002: Analog signal "\ADC_VtgDiv:Net_35\" is connected to one terminal only. (App=cydsfit)
Log: apr.M0058: The analog placement iterative improvement is 23% done. (App=cydsfit)
Log: apr.M0058: The analog placement iterative improvement is 45% done. (App=cydsfit)
Analog Routing...
Analog Code Generation...
Digital Placement...
Digital Routing...
Bitstream Generation...
Bitstream Verification...
Static timing analysis...
API Generation...
Dependency Generation...
Cleanup...
The compile step is up to date, no work needs to be done.
arm-none-eabi-ar.exe -rs .\CortexM3\ARM_GCC_541\Debug\state_machine2.0.a .\CortexM3\ARM_GCC_541\Debug\WaveDAC8_1.o .\CortexM3\ARM_GCC_541\Debug\WaveDAC8_1_PM.o .\CortexM3\ARM_GCC_541\Debug\UART_LOG.o .\CortexM3\ARM_GCC_541\Debug\UART_LOG_PM.o .\CortexM3\ARM_GCC_541\Debug\UART_LOG_INT.o .\CortexM3\ARM_GCC_541\Debug\UART_LOG_BOOT.o .\CortexM3\ARM_GCC_541\Debug\Push_button.o .\CortexM3\ARM_GCC_541\Debug\ADC_VtgDiv.o .\CortexM3\ARM_GCC_541\Debug\ADC_VtgDiv_PM.o .\CortexM3\ARM_GCC_541\Debug\ADC_VtgDiv_INT.o .\CortexM3\ARM_GCC_541\Debug\DAC.o .\CortexM3\ARM_GCC_541\Debug\Vlt_div.o .\CortexM3\ARM_GCC_541\Debug\LED_Red.o .\CortexM3\ARM_GCC_541\Debug\LED_Yellow.o .\CortexM3\ARM_GCC_541\Debug\LED_Green.o .\CortexM3\ARM_GCC_541\Debug\WaveDAC8_1_DacClk.o .\CortexM3\ARM_GCC_541\Debug\WaveDAC8_1_Wave1_DMA_dma.o .\CortexM3\ARM_GCC_541\Debug\WaveDAC8_1_Wave2_DMA_dma.o .\CortexM3\ARM_GCC_541\Debug\WaveDAC8_1_VDAC8.o .\CortexM3\ARM_GCC_541\Debug\WaveDAC8_1_VDAC8_PM.o .\CortexM3\ARM_GCC_541\Debug\UART_LOG_IntClock.o .\CortexM3\ARM_GCC_541\Debug\ADC_VtgDiv_AMux.o .\CortexM3\ARM_GCC_541\Debug\ADC_VtgDiv_Ext_CP_Clk.o .\CortexM3\ARM_GCC_541\Debug\ADC_VtgDiv_IRQ.o .\CortexM3\ARM_GCC_541\Debug\ADC_VtgDiv_theACLK.o .\CortexM3\ARM_GCC_541\Debug\CyDmac.o .\CortexM3\ARM_GCC_541\Debug\CyFlash.o .\CortexM3\ARM_GCC_541\Debug\CyLib.o .\CortexM3\ARM_GCC_541\Debug\cyPm.o .\CortexM3\ARM_GCC_541\Debug\CySpc.o .\CortexM3\ARM_GCC_541\Debug\cyutils.o .\CortexM3\ARM_GCC_541\Debug\cy_em_eeprom.o .\CortexM3\ARM_GCC_541\Debug\CyBootAsmGnu.o
arm-none-eabi-ar.exe: creating .\CortexM3\ARM_GCC_541\Debug\state_machine2.0.a
arm-none-eabi-gcc.exe -Wl,--start-group -o C:\my_folder\SS23\SDHD\workspace\freesoc2_psoc_creator\final_code\state_machine2.0.cydsn\CortexM3\ARM_GCC_541\Debug\state_machine2.0.elf .\CortexM3\ARM_GCC_541\Debug\main.o .\CortexM3\ARM_GCC_541\Debug\sequencing.o .\CortexM3\ARM_GCC_541\Debug\uart_bsw.o .\CortexM3\ARM_GCC_541\Debug\cyfitter_cfg.o .\CortexM3\ARM_GCC_541\Debug\cymetadata.o .\CortexM3\ARM_GCC_541\Debug\Cm3Start.o .\CortexM3\ARM_GCC_541\Debug\state_machine2.0.a "C:\Program Files (x86)\Cypress\PSoC Creator\4.4\PSoC Creator\psoc\content\cycomponentlibrary\CyComponentLibrary.cylib\CortexM3\ARM_GCC_541\Debug\CyComponentLibrary.a" -mcpu=cortex-m3 -mthumb -l fft_application -L Generated_Source\PSoC5 -L .\source\asw\fft_application -Wl,-Map,.\CortexM3\ARM_GCC_541\Debug/state_machine2.0.map -T Generated_Source\PSoC5\cm3gcc.ld -specs=nano.specs -Wl,--gc-sections -g -ffunction-sections -Og -ffat-lto-objects -Wl,--end-group
cyelftool.exe -C C:\my_folder\SS23\SDHD\workspace\freesoc2_psoc_creator\final_code\state_machine2.0.cydsn\CortexM3\ARM_GCC_541\Debug\state_machine2.0.elf --flash_row_size 256 --flash_size 262144 --flash_offset 0x00000000
No ELF section .cychecksum found, creating one
Application checksum calculated and stored in ELF section .cychecksum
Checksum calculated and stored in ELF section .cymeta
cyelftool.exe -S C:\my_folder\SS23\SDHD\workspace\freesoc2_psoc_creator\final_code\state_machine2.0.cydsn\CortexM3\ARM_GCC_541\Debug\state_machine2.0.elf
Flash used: 142592 of 262144 bytes (54.4%).
SRAM used: 10641 of 65536 bytes (16.2%). Stack: 2048 bytes. Heap: 8192 bytes.
--------------- Build Succeeded: 07/18/2023 15:13:12 ---------------
