--------------- Rebuild Started: 06/23/2023 06:04:39 Project: state_machine2.0, Configuration: ARM GCC 5.4-2016-q2-update Debug ---------------
Deleting file ".\CortexM3\ARM_GCC_541\Debug\main.o"
Deleting file ".\CortexM3\ARM_GCC_541\Debug\sequencing.o"
Deleting file ".\CortexM3\ARM_GCC_541\Debug\uart_bsw.o"
Deleting file ".\CortexM3\ARM_GCC_541\Debug\cyfitter_cfg.o"
Deleting file ".\CortexM3\ARM_GCC_541\Debug\cymetadata.o"
Deleting file ".\CortexM3\ARM_GCC_541\Debug\WaveDAC8_1.o"
Deleting file ".\CortexM3\ARM_GCC_541\Debug\WaveDAC8_1_PM.o"
Deleting file ".\CortexM3\ARM_GCC_541\Debug\UART_LOG.o"
Deleting file ".\CortexM3\ARM_GCC_541\Debug\UART_LOG_PM.o"
Deleting file ".\CortexM3\ARM_GCC_541\Debug\UART_LOG_INT.o"
Deleting file ".\CortexM3\ARM_GCC_541\Debug\UART_LOG_BOOT.o"
Deleting file ".\CortexM3\ARM_GCC_541\Debug\Push_button.o"
Deleting file ".\CortexM3\ARM_GCC_541\Debug\ADC_VtgDiv.o"
Deleting file ".\CortexM3\ARM_GCC_541\Debug\ADC_VtgDiv_PM.o"
Deleting file ".\CortexM3\ARM_GCC_541\Debug\ADC_VtgDiv_INT.o"
Deleting file ".\CortexM3\ARM_GCC_541\Debug\DAC.o"
Deleting file ".\CortexM3\ARM_GCC_541\Debug\Vlt_div.o"
Deleting file ".\CortexM3\ARM_GCC_541\Debug\LED_Red.o"
Deleting file ".\CortexM3\ARM_GCC_541\Debug\LED_Yellow.o"
Deleting file ".\CortexM3\ARM_GCC_541\Debug\LED_Green.o"
Deleting file ".\CortexM3\ARM_GCC_541\Debug\WaveDAC8_1_DacClk.o"
Deleting file ".\CortexM3\ARM_GCC_541\Debug\WaveDAC8_1_Wave1_DMA_dma.o"
Deleting file ".\CortexM3\ARM_GCC_541\Debug\WaveDAC8_1_Wave2_DMA_dma.o"
Deleting file ".\CortexM3\ARM_GCC_541\Debug\WaveDAC8_1_VDAC8.o"
Deleting file ".\CortexM3\ARM_GCC_541\Debug\WaveDAC8_1_VDAC8_PM.o"
Deleting file ".\CortexM3\ARM_GCC_541\Debug\UART_LOG_IntClock.o"
Deleting file ".\CortexM3\ARM_GCC_541\Debug\ADC_VtgDiv_AMux.o"
Deleting file ".\CortexM3\ARM_GCC_541\Debug\ADC_VtgDiv_Ext_CP_Clk.o"
Deleting file ".\CortexM3\ARM_GCC_541\Debug\ADC_VtgDiv_IRQ.o"
Deleting file ".\CortexM3\ARM_GCC_541\Debug\ADC_VtgDiv_theACLK.o"
Deleting file ".\CortexM3\ARM_GCC_541\Debug\Cm3Start.o"
Deleting file ".\CortexM3\ARM_GCC_541\Debug\CyBootAsmGnu.o"
Deleting file ".\CortexM3\ARM_GCC_541\Debug\CyDmac.o"
Deleting file ".\CortexM3\ARM_GCC_541\Debug\CyFlash.o"
Deleting file ".\CortexM3\ARM_GCC_541\Debug\CyLib.o"
Deleting file ".\CortexM3\ARM_GCC_541\Debug\cyPm.o"
Deleting file ".\CortexM3\ARM_GCC_541\Debug\CySpc.o"
Deleting file ".\CortexM3\ARM_GCC_541\Debug\cyutils.o"
Deleting file ".\CortexM3\ARM_GCC_541\Debug\cy_em_eeprom.o"
Deleting file ".\CortexM3\ARM_GCC_541\Debug\state_machine2.0.hex"
Deleting file ".\CortexM3\ARM_GCC_541\Debug\state_machine2.0.elf"
Deleting file ".\CortexM3\ARM_GCC_541\Debug\state_machine2.0.map"
Deleting file ".\state_machine2.0.cycdx"
Deleting file ".\state_machine2.0.svd"
Deleting file ".\state_machine2.0.rpt"
Deleting file ".\state_machine2.0_timing.html"
Deleting file ".\CortexM3\ARM_GCC_541\Debug\.deps\SOURCE_C__ARM_GCC_GENERIC.P"
Deleting file ".\CortexM3\ARM_GCC_541\Debug\.deps\SOURCE_ASM__ARM_GCC_GENERIC.P"
cydsfit.exe -.appdatapath "C:\Users\umesh\AppData\Local\Cypress Semiconductor\PSoC Creator\4.4" -.fdsnotice -.fdswarpdepfile=warp_dependencies.txt -.fdselabdepfile=elab_dependencies.txt -.fdsbldfile=generated_files.txt -.fdsreffile=referenced_files.txt -p C:\my_folder\SS23\SDHD\workspace\freesoc2_psoc_creator\Workspace01\state_machine2.0.cydsn\state_machine2.0.cyprj -d CY8C5888AXI-LP096 -s C:\my_folder\SS23\SDHD\workspace\freesoc2_psoc_creator\Workspace01\state_machine2.0.cydsn\Generated_Source\PSoC5 -- -yv2 -q10 -ygs -o2 -v3 -.fftcfgtype=LE
Elaborating Design...
HDL Generation...
Synthesis...
Tech Mapping...
Analog Placement...
Info: apr.M0002: Analog signal "\ADC_VtgDiv:Net_35\" is connected to one terminal only. (App=cydsfit)
Log: apr.M0058: The analog placement iterative improvement is 43% done. (App=cydsfit)
Analog Routing...
Analog Code Generation...
Digital Placement...
Digital Routing...
Bitstream Generation...
Bitstream Verification...
Static timing analysis...
API Generation...
Dependency Generation...
Cleanup...
arm-none-eabi-gcc.exe -mcpu=cortex-m3 -mthumb -I.\source\asw -I.\source\bsw -I.\source\asw\fft_application -I. -IGenerated_Source\PSoC5 -Wa,-alh=.\CortexM3\ARM_GCC_541\Debug/main.lst -g -D DEBUG -D CY_CORE_ID=0 -D ARM_MATH_CM3 -Wall -ffunction-sections -ffat-lto-objects -Og -c source\asw\main.c -o .\CortexM3\ARM_GCC_541\Debug\main.o
arm-none-eabi-gcc.exe -mcpu=cortex-m3 -mthumb -I.\source\asw -I.\source\bsw -I.\source\asw\fft_application -I. -IGenerated_Source\PSoC5 -Wa,-alh=.\CortexM3\ARM_GCC_541\Debug/sequencing.lst -g -D DEBUG -D CY_CORE_ID=0 -D ARM_MATH_CM3 -Wall -ffunction-sections -ffat-lto-objects -Og -c source\asw\sequencing.c -o .\CortexM3\ARM_GCC_541\Debug\sequencing.o
source\asw\sequencing.c: In function 'State_Machine':
source\asw\sequencing.c:138:22: warning: unused variable 'ret' [-Wunused-variable]
                 RC_t ret = ReadAndStoreADC(ADC_array);
                      ^
arm-none-eabi-gcc.exe -mcpu=cortex-m3 -mthumb -I.\source\asw -I.\source\bsw -I.\source\asw\fft_application -I. -IGenerated_Source\PSoC5 -Wa,-alh=.\CortexM3\ARM_GCC_541\Debug/uart_bsw.lst -g -D DEBUG -D CY_CORE_ID=0 -D ARM_MATH_CM3 -Wall -ffunction-sections -ffat-lto-objects -Og -c source\bsw\uart_bsw.c -o .\CortexM3\ARM_GCC_541\Debug\uart_bsw.o
arm-none-eabi-gcc.exe -mcpu=cortex-m3 -mthumb -I.\source\asw -I.\source\bsw -I.\source\asw\fft_application -I. -IGenerated_Source\PSoC5 -Wa,-alh=.\CortexM3\ARM_GCC_541\Debug/cyfitter_cfg.lst -g -D DEBUG -D CY_CORE_ID=0 -D ARM_MATH_CM3 -Wall -ffunction-sections -ffat-lto-objects -Og -c Generated_Source\PSoC5\cyfitter_cfg.c -o .\CortexM3\ARM_GCC_541\Debug\cyfitter_cfg.o
arm-none-eabi-gcc.exe -mcpu=cortex-m3 -mthumb -I.\source\asw -I.\source\bsw -I.\source\asw\fft_application -I. -IGenerated_Source\PSoC5 -Wa,-alh=.\CortexM3\ARM_GCC_541\Debug/cymetadata.lst -g -D DEBUG -D CY_CORE_ID=0 -D ARM_MATH_CM3 -Wall -ffunction-sections -ffat-lto-objects -Og -c Generated_Source\PSoC5\cymetadata.c -o .\CortexM3\ARM_GCC_541\Debug\cymetadata.o
arm-none-eabi-gcc.exe -mcpu=cortex-m3 -mthumb -I.\source\asw -I.\source\bsw -I.\source\asw\fft_application -I. -IGenerated_Source\PSoC5 -Wa,-alh=.\CortexM3\ARM_GCC_541\Debug/WaveDAC8_1.lst -g -D DEBUG -D CY_CORE_ID=0 -D ARM_MATH_CM3 -Wall -ffunction-sections -ffat-lto-objects -Og -c Generated_Source\PSoC5\WaveDAC8_1.c -o .\CortexM3\ARM_GCC_541\Debug\WaveDAC8_1.o
arm-none-eabi-gcc.exe -mcpu=cortex-m3 -mthumb -I.\source\asw -I.\source\bsw -I.\source\asw\fft_application -I. -IGenerated_Source\PSoC5 -Wa,-alh=.\CortexM3\ARM_GCC_541\Debug/WaveDAC8_1_PM.lst -g -D DEBUG -D CY_CORE_ID=0 -D ARM_MATH_CM3 -Wall -ffunction-sections -ffat-lto-objects -Og -c Generated_Source\PSoC5\WaveDAC8_1_PM.c -o .\CortexM3\ARM_GCC_541\Debug\WaveDAC8_1_PM.o
arm-none-eabi-gcc.exe -mcpu=cortex-m3 -mthumb -I.\source\asw -I.\source\bsw -I.\source\asw\fft_application -I. -IGenerated_Source\PSoC5 -Wa,-alh=.\CortexM3\ARM_GCC_541\Debug/UART_LOG.lst -g -D DEBUG -D CY_CORE_ID=0 -D ARM_MATH_CM3 -Wall -ffunction-sections -ffat-lto-objects -Og -c Generated_Source\PSoC5\UART_LOG.c -o .\CortexM3\ARM_GCC_541\Debug\UART_LOG.o
arm-none-eabi-gcc.exe -mcpu=cortex-m3 -mthumb -I.\source\asw -I.\source\bsw -I.\source\asw\fft_application -I. -IGenerated_Source\PSoC5 -Wa,-alh=.\CortexM3\ARM_GCC_541\Debug/UART_LOG_PM.lst -g -D DEBUG -D CY_CORE_ID=0 -D ARM_MATH_CM3 -Wall -ffunction-sections -ffat-lto-objects -Og -c Generated_Source\PSoC5\UART_LOG_PM.c -o .\CortexM3\ARM_GCC_541\Debug\UART_LOG_PM.o
arm-none-eabi-gcc.exe -mcpu=cortex-m3 -mthumb -I.\source\asw -I.\source\bsw -I.\source\asw\fft_application -I. -IGenerated_Source\PSoC5 -Wa,-alh=.\CortexM3\ARM_GCC_541\Debug/UART_LOG_INT.lst -g -D DEBUG -D CY_CORE_ID=0 -D ARM_MATH_CM3 -Wall -ffunction-sections -ffat-lto-objects -Og -c Generated_Source\PSoC5\UART_LOG_INT.c -o .\CortexM3\ARM_GCC_541\Debug\UART_LOG_INT.o
arm-none-eabi-gcc.exe -mcpu=cortex-m3 -mthumb -I.\source\asw -I.\source\bsw -I.\source\asw\fft_application -I. -IGenerated_Source\PSoC5 -Wa,-alh=.\CortexM3\ARM_GCC_541\Debug/UART_LOG_BOOT.lst -g -D DEBUG -D CY_CORE_ID=0 -D ARM_MATH_CM3 -Wall -ffunction-sections -ffat-lto-objects -Og -c Generated_Source\PSoC5\UART_LOG_BOOT.c -o .\CortexM3\ARM_GCC_541\Debug\UART_LOG_BOOT.o
arm-none-eabi-gcc.exe -mcpu=cortex-m3 -mthumb -I.\source\asw -I.\source\bsw -I.\source\asw\fft_application -I. -IGenerated_Source\PSoC5 -Wa,-alh=.\CortexM3\ARM_GCC_541\Debug/Push_button.lst -g -D DEBUG -D CY_CORE_ID=0 -D ARM_MATH_CM3 -Wall -ffunction-sections -ffat-lto-objects -Og -c Generated_Source\PSoC5\Push_button.c -o .\CortexM3\ARM_GCC_541\Debug\Push_button.o
arm-none-eabi-gcc.exe -mcpu=cortex-m3 -mthumb -I.\source\asw -I.\source\bsw -I.\source\asw\fft_application -I. -IGenerated_Source\PSoC5 -Wa,-alh=.\CortexM3\ARM_GCC_541\Debug/ADC_VtgDiv.lst -g -D DEBUG -D CY_CORE_ID=0 -D ARM_MATH_CM3 -Wall -ffunction-sections -ffat-lto-objects -Og -c Generated_Source\PSoC5\ADC_VtgDiv.c -o .\CortexM3\ARM_GCC_541\Debug\ADC_VtgDiv.o
arm-none-eabi-gcc.exe -mcpu=cortex-m3 -mthumb -I.\source\asw -I.\source\bsw -I.\source\asw\fft_application -I. -IGenerated_Source\PSoC5 -Wa,-alh=.\CortexM3\ARM_GCC_541\Debug/ADC_VtgDiv_PM.lst -g -D DEBUG -D CY_CORE_ID=0 -D ARM_MATH_CM3 -Wall -ffunction-sections -ffat-lto-objects -Og -c Generated_Source\PSoC5\ADC_VtgDiv_PM.c -o .\CortexM3\ARM_GCC_541\Debug\ADC_VtgDiv_PM.o
arm-none-eabi-gcc.exe -mcpu=cortex-m3 -mthumb -I.\source\asw -I.\source\bsw -I.\source\asw\fft_application -I. -IGenerated_Source\PSoC5 -Wa,-alh=.\CortexM3\ARM_GCC_541\Debug/ADC_VtgDiv_INT.lst -g -D DEBUG -D CY_CORE_ID=0 -D ARM_MATH_CM3 -Wall -ffunction-sections -ffat-lto-objects -Og -c Generated_Source\PSoC5\ADC_VtgDiv_INT.c -o .\CortexM3\ARM_GCC_541\Debug\ADC_VtgDiv_INT.o
arm-none-eabi-gcc.exe -mcpu=cortex-m3 -mthumb -I.\source\asw -I.\source\bsw -I.\source\asw\fft_application -I. -IGenerated_Source\PSoC5 -Wa,-alh=.\CortexM3\ARM_GCC_541\Debug/DAC.lst -g -D DEBUG -D CY_CORE_ID=0 -D ARM_MATH_CM3 -Wall -ffunction-sections -ffat-lto-objects -Og -c Generated_Source\PSoC5\DAC.c -o .\CortexM3\ARM_GCC_541\Debug\DAC.o
arm-none-eabi-gcc.exe -mcpu=cortex-m3 -mthumb -I.\source\asw -I.\source\bsw -I.\source\asw\fft_application -I. -IGenerated_Source\PSoC5 -Wa,-alh=.\CortexM3\ARM_GCC_541\Debug/Vlt_div.lst -g -D DEBUG -D CY_CORE_ID=0 -D ARM_MATH_CM3 -Wall -ffunction-sections -ffat-lto-objects -Og -c Generated_Source\PSoC5\Vlt_div.c -o .\CortexM3\ARM_GCC_541\Debug\Vlt_div.o
arm-none-eabi-gcc.exe -mcpu=cortex-m3 -mthumb -I.\source\asw -I.\source\bsw -I.\source\asw\fft_application -I. -IGenerated_Source\PSoC5 -Wa,-alh=.\CortexM3\ARM_GCC_541\Debug/LED_Red.lst -g -D DEBUG -D CY_CORE_ID=0 -D ARM_MATH_CM3 -Wall -ffunction-sections -ffat-lto-objects -Og -c Generated_Source\PSoC5\LED_Red.c -o .\CortexM3\ARM_GCC_541\Debug\LED_Red.o
arm-none-eabi-gcc.exe -mcpu=cortex-m3 -mthumb -I.\source\asw -I.\source\bsw -I.\source\asw\fft_application -I. -IGenerated_Source\PSoC5 -Wa,-alh=.\CortexM3\ARM_GCC_541\Debug/LED_Yellow.lst -g -D DEBUG -D CY_CORE_ID=0 -D ARM_MATH_CM3 -Wall -ffunction-sections -ffat-lto-objects -Og -c Generated_Source\PSoC5\LED_Yellow.c -o .\CortexM3\ARM_GCC_541\Debug\LED_Yellow.o
arm-none-eabi-gcc.exe -mcpu=cortex-m3 -mthumb -I.\source\asw -I.\source\bsw -I.\source\asw\fft_application -I. -IGenerated_Source\PSoC5 -Wa,-alh=.\CortexM3\ARM_GCC_541\Debug/LED_Green.lst -g -D DEBUG -D CY_CORE_ID=0 -D ARM_MATH_CM3 -Wall -ffunction-sections -ffat-lto-objects -Og -c Generated_Source\PSoC5\LED_Green.c -o .\CortexM3\ARM_GCC_541\Debug\LED_Green.o
arm-none-eabi-gcc.exe -mcpu=cortex-m3 -mthumb -I.\source\asw -I.\source\bsw -I.\source\asw\fft_application -I. -IGenerated_Source\PSoC5 -Wa,-alh=.\CortexM3\ARM_GCC_541\Debug/WaveDAC8_1_DacClk.lst -g -D DEBUG -D CY_CORE_ID=0 -D ARM_MATH_CM3 -Wall -ffunction-sections -ffat-lto-objects -Og -c Generated_Source\PSoC5\WaveDAC8_1_DacClk.c -o .\CortexM3\ARM_GCC_541\Debug\WaveDAC8_1_DacClk.o
arm-none-eabi-gcc.exe -mcpu=cortex-m3 -mthumb -I.\source\asw -I.\source\bsw -I.\source\asw\fft_application -I. -IGenerated_Source\PSoC5 -Wa,-alh=.\CortexM3\ARM_GCC_541\Debug/WaveDAC8_1_Wave1_DMA_dma.lst -g -D DEBUG -D CY_CORE_ID=0 -D ARM_MATH_CM3 -Wall -ffunction-sections -ffat-lto-objects -Og -c Generated_Source\PSoC5\WaveDAC8_1_Wave1_DMA_dma.c -o .\CortexM3\ARM_GCC_541\Debug\WaveDAC8_1_Wave1_DMA_dma.o
arm-none-eabi-gcc.exe -mcpu=cortex-m3 -mthumb -I.\source\asw -I.\source\bsw -I.\source\asw\fft_application -I. -IGenerated_Source\PSoC5 -Wa,-alh=.\CortexM3\ARM_GCC_541\Debug/WaveDAC8_1_Wave2_DMA_dma.lst -g -D DEBUG -D CY_CORE_ID=0 -D ARM_MATH_CM3 -Wall -ffunction-sections -ffat-lto-objects -Og -c Generated_Source\PSoC5\WaveDAC8_1_Wave2_DMA_dma.c -o .\CortexM3\ARM_GCC_541\Debug\WaveDAC8_1_Wave2_DMA_dma.o
arm-none-eabi-gcc.exe -mcpu=cortex-m3 -mthumb -I.\source\asw -I.\source\bsw -I.\source\asw\fft_application -I. -IGenerated_Source\PSoC5 -Wa,-alh=.\CortexM3\ARM_GCC_541\Debug/WaveDAC8_1_VDAC8.lst -g -D DEBUG -D CY_CORE_ID=0 -D ARM_MATH_CM3 -Wall -ffunction-sections -ffat-lto-objects -Og -c Generated_Source\PSoC5\WaveDAC8_1_VDAC8.c -o .\CortexM3\ARM_GCC_541\Debug\WaveDAC8_1_VDAC8.o
arm-none-eabi-gcc.exe -mcpu=cortex-m3 -mthumb -I.\source\asw -I.\source\bsw -I.\source\asw\fft_application -I. -IGenerated_Source\PSoC5 -Wa,-alh=.\CortexM3\ARM_GCC_541\Debug/WaveDAC8_1_VDAC8_PM.lst -g -D DEBUG -D CY_CORE_ID=0 -D ARM_MATH_CM3 -Wall -ffunction-sections -ffat-lto-objects -Og -c Generated_Source\PSoC5\WaveDAC8_1_VDAC8_PM.c -o .\CortexM3\ARM_GCC_541\Debug\WaveDAC8_1_VDAC8_PM.o
arm-none-eabi-gcc.exe -mcpu=cortex-m3 -mthumb -I.\source\asw -I.\source\bsw -I.\source\asw\fft_application -I. -IGenerated_Source\PSoC5 -Wa,-alh=.\CortexM3\ARM_GCC_541\Debug/UART_LOG_IntClock.lst -g -D DEBUG -D CY_CORE_ID=0 -D ARM_MATH_CM3 -Wall -ffunction-sections -ffat-lto-objects -Og -c Generated_Source\PSoC5\UART_LOG_IntClock.c -o .\CortexM3\ARM_GCC_541\Debug\UART_LOG_IntClock.o
arm-none-eabi-gcc.exe -mcpu=cortex-m3 -mthumb -I.\source\asw -I.\source\bsw -I.\source\asw\fft_application -I. -IGenerated_Source\PSoC5 -Wa,-alh=.\CortexM3\ARM_GCC_541\Debug/ADC_VtgDiv_AMux.lst -g -D DEBUG -D CY_CORE_ID=0 -D ARM_MATH_CM3 -Wall -ffunction-sections -ffat-lto-objects -Og -c Generated_Source\PSoC5\ADC_VtgDiv_AMux.c -o .\CortexM3\ARM_GCC_541\Debug\ADC_VtgDiv_AMux.o
arm-none-eabi-gcc.exe -mcpu=cortex-m3 -mthumb -I.\source\asw -I.\source\bsw -I.\source\asw\fft_application -I. -IGenerated_Source\PSoC5 -Wa,-alh=.\CortexM3\ARM_GCC_541\Debug/ADC_VtgDiv_Ext_CP_Clk.lst -g -D DEBUG -D CY_CORE_ID=0 -D ARM_MATH_CM3 -Wall -ffunction-sections -ffat-lto-objects -Og -c Generated_Source\PSoC5\ADC_VtgDiv_Ext_CP_Clk.c -o .\CortexM3\ARM_GCC_541\Debug\ADC_VtgDiv_Ext_CP_Clk.o
arm-none-eabi-gcc.exe -mcpu=cortex-m3 -mthumb -I.\source\asw -I.\source\bsw -I.\source\asw\fft_application -I. -IGenerated_Source\PSoC5 -Wa,-alh=.\CortexM3\ARM_GCC_541\Debug/ADC_VtgDiv_IRQ.lst -g -D DEBUG -D CY_CORE_ID=0 -D ARM_MATH_CM3 -Wall -ffunction-sections -ffat-lto-objects -Og -c Generated_Source\PSoC5\ADC_VtgDiv_IRQ.c -o .\CortexM3\ARM_GCC_541\Debug\ADC_VtgDiv_IRQ.o
arm-none-eabi-gcc.exe -mcpu=cortex-m3 -mthumb -I.\source\asw -I.\source\bsw -I.\source\asw\fft_application -I. -IGenerated_Source\PSoC5 -Wa,-alh=.\CortexM3\ARM_GCC_541\Debug/ADC_VtgDiv_theACLK.lst -g -D DEBUG -D CY_CORE_ID=0 -D ARM_MATH_CM3 -Wall -ffunction-sections -ffat-lto-objects -Og -c Generated_Source\PSoC5\ADC_VtgDiv_theACLK.c -o .\CortexM3\ARM_GCC_541\Debug\ADC_VtgDiv_theACLK.o
arm-none-eabi-gcc.exe -mcpu=cortex-m3 -mthumb -I.\source\asw -I.\source\bsw -I.\source\asw\fft_application -I. -IGenerated_Source\PSoC5 -Wa,-alh=.\CortexM3\ARM_GCC_541\Debug/Cm3Start.lst -g -D DEBUG -D CY_CORE_ID=0 -D ARM_MATH_CM3 -Wall -ffunction-sections -ffat-lto-objects -Og -c Generated_Source\PSoC5\Cm3Start.c -o .\CortexM3\ARM_GCC_541\Debug\Cm3Start.o
arm-none-eabi-gcc.exe -mcpu=cortex-m3 -mthumb -I.\source\asw -I.\source\bsw -I.\source\asw\fft_application -I. -IGenerated_Source\PSoC5 -Wa,-alh=.\CortexM3\ARM_GCC_541\Debug/CyDmac.lst -g -D DEBUG -D CY_CORE_ID=0 -D ARM_MATH_CM3 -Wall -ffunction-sections -ffat-lto-objects -Og -c Generated_Source\PSoC5\CyDmac.c -o .\CortexM3\ARM_GCC_541\Debug\CyDmac.o
arm-none-eabi-gcc.exe -mcpu=cortex-m3 -mthumb -I.\source\asw -I.\source\bsw -I.\source\asw\fft_application -I. -IGenerated_Source\PSoC5 -Wa,-alh=.\CortexM3\ARM_GCC_541\Debug/CyFlash.lst -g -D DEBUG -D CY_CORE_ID=0 -D ARM_MATH_CM3 -Wall -ffunction-sections -ffat-lto-objects -Og -c Generated_Source\PSoC5\CyFlash.c -o .\CortexM3\ARM_GCC_541\Debug\CyFlash.o
arm-none-eabi-gcc.exe -mcpu=cortex-m3 -mthumb -I.\source\asw -I.\source\bsw -I.\source\asw\fft_application -I. -IGenerated_Source\PSoC5 -Wa,-alh=.\CortexM3\ARM_GCC_541\Debug/CyLib.lst -g -D DEBUG -D CY_CORE_ID=0 -D ARM_MATH_CM3 -Wall -ffunction-sections -ffat-lto-objects -Og -c Generated_Source\PSoC5\CyLib.c -o .\CortexM3\ARM_GCC_541\Debug\CyLib.o
arm-none-eabi-gcc.exe -mcpu=cortex-m3 -mthumb -I.\source\asw -I.\source\bsw -I.\source\asw\fft_application -I. -IGenerated_Source\PSoC5 -Wa,-alh=.\CortexM3\ARM_GCC_541\Debug/cyPm.lst -g -D DEBUG -D CY_CORE_ID=0 -D ARM_MATH_CM3 -Wall -ffunction-sections -ffat-lto-objects -Og -c Generated_Source\PSoC5\cyPm.c -o .\CortexM3\ARM_GCC_541\Debug\cyPm.o
arm-none-eabi-gcc.exe -mcpu=cortex-m3 -mthumb -I.\source\asw -I.\source\bsw -I.\source\asw\fft_application -I. -IGenerated_Source\PSoC5 -Wa,-alh=.\CortexM3\ARM_GCC_541\Debug/CySpc.lst -g -D DEBUG -D CY_CORE_ID=0 -D ARM_MATH_CM3 -Wall -ffunction-sections -ffat-lto-objects -Og -c Generated_Source\PSoC5\CySpc.c -o .\CortexM3\ARM_GCC_541\Debug\CySpc.o
arm-none-eabi-gcc.exe -mcpu=cortex-m3 -mthumb -I.\source\asw -I.\source\bsw -I.\source\asw\fft_application -I. -IGenerated_Source\PSoC5 -Wa,-alh=.\CortexM3\ARM_GCC_541\Debug/cyutils.lst -g -D DEBUG -D CY_CORE_ID=0 -D ARM_MATH_CM3 -Wall -ffunction-sections -ffat-lto-objects -Og -c Generated_Source\PSoC5\cyutils.c -o .\CortexM3\ARM_GCC_541\Debug\cyutils.o
arm-none-eabi-gcc.exe -mcpu=cortex-m3 -mthumb -I.\source\asw -I.\source\bsw -I.\source\asw\fft_application -I. -IGenerated_Source\PSoC5 -Wa,-alh=.\CortexM3\ARM_GCC_541\Debug/cy_em_eeprom.lst -g -D DEBUG -D CY_CORE_ID=0 -D ARM_MATH_CM3 -Wall -ffunction-sections -ffat-lto-objects -Og -c Generated_Source\PSoC5\cy_em_eeprom.c -o .\CortexM3\ARM_GCC_541\Debug\cy_em_eeprom.o
arm-none-eabi-as.exe -mcpu=cortex-m3 -mthumb -I. -IGenerated_Source\PSoC5 -alh=.\CortexM3\ARM_GCC_541\Debug/CyBootAsmGnu.lst -g -W -o .\CortexM3\ARM_GCC_541\Debug\CyBootAsmGnu.o Generated_Source\PSoC5\CyBootAsmGnu.s
arm-none-eabi-ar.exe -rs .\CortexM3\ARM_GCC_541\Debug\state_machine2.0.a .\CortexM3\ARM_GCC_541\Debug\WaveDAC8_1.o .\CortexM3\ARM_GCC_541\Debug\WaveDAC8_1_PM.o .\CortexM3\ARM_GCC_541\Debug\UART_LOG.o .\CortexM3\ARM_GCC_541\Debug\UART_LOG_PM.o .\CortexM3\ARM_GCC_541\Debug\UART_LOG_INT.o .\CortexM3\ARM_GCC_541\Debug\UART_LOG_BOOT.o .\CortexM3\ARM_GCC_541\Debug\Push_button.o .\CortexM3\ARM_GCC_541\Debug\ADC_VtgDiv.o .\CortexM3\ARM_GCC_541\Debug\ADC_VtgDiv_PM.o .\CortexM3\ARM_GCC_541\Debug\ADC_VtgDiv_INT.o .\CortexM3\ARM_GCC_541\Debug\DAC.o .\CortexM3\ARM_GCC_541\Debug\Vlt_div.o .\CortexM3\ARM_GCC_541\Debug\LED_Red.o .\CortexM3\ARM_GCC_541\Debug\LED_Yellow.o .\CortexM3\ARM_GCC_541\Debug\LED_Green.o .\CortexM3\ARM_GCC_541\Debug\WaveDAC8_1_DacClk.o .\CortexM3\ARM_GCC_541\Debug\WaveDAC8_1_Wave1_DMA_dma.o .\CortexM3\ARM_GCC_541\Debug\WaveDAC8_1_Wave2_DMA_dma.o .\CortexM3\ARM_GCC_541\Debug\WaveDAC8_1_VDAC8.o .\CortexM3\ARM_GCC_541\Debug\WaveDAC8_1_VDAC8_PM.o .\CortexM3\ARM_GCC_541\Debug\UART_LOG_IntClock.o .\CortexM3\ARM_GCC_541\Debug\ADC_VtgDiv_AMux.o .\CortexM3\ARM_GCC_541\Debug\ADC_VtgDiv_Ext_CP_Clk.o .\CortexM3\ARM_GCC_541\Debug\ADC_VtgDiv_IRQ.o .\CortexM3\ARM_GCC_541\Debug\ADC_VtgDiv_theACLK.o .\CortexM3\ARM_GCC_541\Debug\CyDmac.o .\CortexM3\ARM_GCC_541\Debug\CyFlash.o .\CortexM3\ARM_GCC_541\Debug\CyLib.o .\CortexM3\ARM_GCC_541\Debug\cyPm.o .\CortexM3\ARM_GCC_541\Debug\CySpc.o .\CortexM3\ARM_GCC_541\Debug\cyutils.o .\CortexM3\ARM_GCC_541\Debug\cy_em_eeprom.o .\CortexM3\ARM_GCC_541\Debug\CyBootAsmGnu.o
arm-none-eabi-ar.exe: creating .\CortexM3\ARM_GCC_541\Debug\state_machine2.0.a
arm-none-eabi-gcc.exe -Wl,--start-group -o C:\my_folder\SS23\SDHD\workspace\freesoc2_psoc_creator\Workspace01\state_machine2.0.cydsn\CortexM3\ARM_GCC_541\Debug\state_machine2.0.elf .\CortexM3\ARM_GCC_541\Debug\main.o .\CortexM3\ARM_GCC_541\Debug\sequencing.o .\CortexM3\ARM_GCC_541\Debug\uart_bsw.o .\CortexM3\ARM_GCC_541\Debug\cyfitter_cfg.o .\CortexM3\ARM_GCC_541\Debug\cymetadata.o .\CortexM3\ARM_GCC_541\Debug\Cm3Start.o .\CortexM3\ARM_GCC_541\Debug\state_machine2.0.a "C:\Program Files (x86)\Cypress\PSoC Creator\4.4\PSoC Creator\psoc\content\cycomponentlibrary\CyComponentLibrary.cylib\CortexM3\ARM_GCC_541\Debug\CyComponentLibrary.a" -mcpu=cortex-m3 -mthumb -l fft_application -L Generated_Source\PSoC5 -L .\source\asw\fft_application -Wl,-Map,.\CortexM3\ARM_GCC_541\Debug/state_machine2.0.map -T Generated_Source\PSoC5\cm3gcc.ld -specs=nano.specs -Wl,--gc-sections -g -ffunction-sections -Og -ffat-lto-objects -Wl,--end-group
cyelftool.exe -C C:\my_folder\SS23\SDHD\workspace\freesoc2_psoc_creator\Workspace01\state_machine2.0.cydsn\CortexM3\ARM_GCC_541\Debug\state_machine2.0.elf --flash_row_size 256 --flash_size 262144 --flash_offset 0x00000000
No ELF section .cychecksum found, creating one
Application checksum calculated and stored in ELF section .cychecksum
Checksum calculated and stored in ELF section .cymeta
cyelftool.exe -S C:\my_folder\SS23\SDHD\workspace\freesoc2_psoc_creator\Workspace01\state_machine2.0.cydsn\CortexM3\ARM_GCC_541\Debug\state_machine2.0.elf
Flash used: 142520 of 262144 bytes (54.4%).
SRAM used: 10641 of 65536 bytes (16.2%). Stack: 2048 bytes. Heap: 8192 bytes.
--------------- Rebuild Succeeded: 06/23/2023 06:04:50 ---------------
