--------------- Build Started: 12/27/2022 21:27:49 Project: Reaction_Game_V2, Configuration: ARM GCC 5.4-2016-q2-update Debug ---------------
The code generation step is up to date.
arm-none-eabi-gcc.exe -mcpu=cortex-m3 -mthumb -I.\source\asw -I.\source\bsw -I. -IGenerated_Source\PSoC5 -Wa,-alh=.\CortexM3\ARM_GCC_541\Debug/main.lst -g -D DEBUG -D CY_CORE_ID=0 -Wall -ffunction-sections -ffat-lto-objects -Og -c source\asw\main.c -o .\CortexM3\ARM_GCC_541\Debug\main.o
In file included from source\asw\main.c:18:0:
./game.h:39:22: warning: 'game' defined but not used [-Wunused-variable]
 static GAME__State_t game = GAME__ISIDLE;
                      ^
./game.h:41:16: warning: 'score' defined but not used [-Wunused-variable]
 static uint8_t score;
                ^
./game.h:42:16: warning: 'glow_period' defined but not used [-Wunused-variable]
 static uint8_t glow_period;
                ^
./game.h:43:17: warning: 'fadar_period' defined but not used [-Wunused-variable]
 static uint32_t fadar_period;
                 ^
./game.h:44:16: warning: 'red' defined but not used [-Wunused-variable]
 static uint8_t red;
                ^
./game.h:45:16: warning: 'yellow' defined but not used [-Wunused-variable]
 static uint8_t yellow;
                ^
./game.h:46:16: warning: 'green' defined but not used [-Wunused-variable]
 static uint8_t green;
                ^
arm-none-eabi-ar.exe -rs .\CortexM3\ARM_GCC_541\Debug\Reaction_Game_V2.a .\CortexM3\ARM_GCC_541\Debug\ErikaOS_1_ee_activate.o .\CortexM3\ARM_GCC_541\Debug\ErikaOS_1_ee_alcancel.o .\CortexM3\ARM_GCC_541\Debug\ErikaOS_1_ee_alget.o .\CortexM3\ARM_GCC_541\Debug\ErikaOS_1_ee_algetbase.o .\CortexM3\ARM_GCC_541\Debug\ErikaOS_1_ee_alsetabs.o .\CortexM3\ARM_GCC_541\Debug\ErikaOS_1_ee_alsetrel.o .\CortexM3\ARM_GCC_541\Debug\ErikaOS_1_ee_altick.o .\CortexM3\ARM_GCC_541\Debug\ErikaOS_1_ee_chaintas.o .\CortexM3\ARM_GCC_541\Debug\ErikaOS_1_ee_evclear.o .\CortexM3\ARM_GCC_541\Debug\ErikaOS_1_ee_evget.o .\CortexM3\ARM_GCC_541\Debug\ErikaOS_1_ee_evset.o .\CortexM3\ARM_GCC_541\Debug\ErikaOS_1_ee_evwait.o .\CortexM3\ARM_GCC_541\Debug\ErikaOS_1_ee_force_schedule.o .\CortexM3\ARM_GCC_541\Debug\ErikaOS_1_ee_getcountervalue.o .\CortexM3\ARM_GCC_541\Debug\ErikaOS_1_ee_getelapsedvalue.o .\CortexM3\ARM_GCC_541\Debug\ErikaOS_1_ee_gettaskid.o .\CortexM3\ARM_GCC_541\Debug\ErikaOS_1_ee_gettaskstate.o .\CortexM3\ARM_GCC_541\Debug\ErikaOS_1_ee_iparam.o .\CortexM3\ARM_GCC_541\Debug\ErikaOS_1_ee_irqendin.o .\CortexM3\ARM_GCC_541\Debug\ErikaOS_1_ee_lockres.o .\CortexM3\ARM_GCC_541\Debug\ErikaOS_1_ee_lookup.o .\CortexM3\ARM_GCC_541\Debug\ErikaOS_1_ee_rq_exchg.o .\CortexM3\ARM_GCC_541\Debug\ErikaOS_1_ee_rq_first.o .\CortexM3\ARM_GCC_541\Debug\ErikaOS_1_ee_rq_inser.o .\CortexM3\ARM_GCC_541\Debug\ErikaOS_1_ee_schedule.o .\CortexM3\ARM_GCC_541\Debug\ErikaOS_1_ee_semgetvalue.o .\CortexM3\ARM_GCC_541\Debug\ErikaOS_1_ee_sempost.o .\CortexM3\ARM_GCC_541\Debug\ErikaOS_1_ee_semtrywait.o .\CortexM3\ARM_GCC_541\Debug\ErikaOS_1_ee_semwait.o .\CortexM3\ARM_GCC_541\Debug\ErikaOS_1_ee_shtdown.o .\CortexM3\ARM_GCC_541\Debug\ErikaOS_1_ee_startos.o .\CortexM3\ARM_GCC_541\Debug\ErikaOS_1_ee_terminat.o .\CortexM3\ARM_GCC_541\Debug\ErikaOS_1_ee_thendin.o .\CortexM3\ARM_GCC_541\Debug\ErikaOS_1_ee_tnterm.o .\CortexM3\ARM_GCC_541\Debug\ErikaOS_1_ee_tstub.o .\CortexM3\ARM_GCC_541\Debug\ErikaOS_1_ee_ulockallres.o .\CortexM3\ARM_GCC_541\Debug\ErikaOS_1_ee_ulockres.o .\CortexM3\ARM_GCC_541\Debug\ErikaOS_1_cortex_mx_ee_context.o .\CortexM3\ARM_GCC_541\Debug\ErikaOS_1_cortex_mx_ee_system_timer.o .\CortexM3\ARM_GCC_541\Debug\ErikaOS_1_cortex_mx_ee_utils.o .\CortexM3\ARM_GCC_541\Debug\ErikaOS_1_common_ee_hal_structs.o .\CortexM3\ARM_GCC_541\Debug\ErikaOS_1_eecfg.o .\CortexM3\ARM_GCC_541\Debug\CyDmac.o .\CortexM3\ARM_GCC_541\Debug\CyFlash.o .\CortexM3\ARM_GCC_541\Debug\CyLib.o .\CortexM3\ARM_GCC_541\Debug\cyPm.o .\CortexM3\ARM_GCC_541\Debug\CySpc.o .\CortexM3\ARM_GCC_541\Debug\cyutils.o .\CortexM3\ARM_GCC_541\Debug\cy_em_eeprom.o .\CortexM3\ARM_GCC_541\Debug\Control_Reg_1.o .\CortexM3\ARM_GCC_541\Debug\Control_Reg_1_PM.o .\CortexM3\ARM_GCC_541\Debug\Pin_sev_segment_1A.o .\CortexM3\ARM_GCC_541\Debug\Pin_sev_segment_1B.o .\CortexM3\ARM_GCC_541\Debug\Pin_sev_segment_1C.o .\CortexM3\ARM_GCC_541\Debug\Pin_sev_segment_1D.o .\CortexM3\ARM_GCC_541\Debug\Pin_sev_segment_1E.o .\CortexM3\ARM_GCC_541\Debug\Pin_sev_segment_1F.o .\CortexM3\ARM_GCC_541\Debug\Pin_sev_segment_1G.o .\CortexM3\ARM_GCC_541\Debug\Pin_sev_segment_1DP.o .\CortexM3\ARM_GCC_541\Debug\UART_LOG.o .\CortexM3\ARM_GCC_541\Debug\UART_LOG_PM.o .\CortexM3\ARM_GCC_541\Debug\UART_LOG_INT.o .\CortexM3\ARM_GCC_541\Debug\UART_LOG_BOOT.o .\CortexM3\ARM_GCC_541\Debug\Button1.o .\CortexM3\ARM_GCC_541\Debug\Button2.o .\CortexM3\ARM_GCC_541\Debug\UART_LOG_IntClock.o .\CortexM3\ARM_GCC_541\Debug\Pin_ledRed.o .\CortexM3\ARM_GCC_541\Debug\Pin_ledgreen.o .\CortexM3\ARM_GCC_541\Debug\isr_button.o .\CortexM3\ARM_GCC_541\Debug\Pin_ledYellow.o .\CortexM3\ARM_GCC_541\Debug\PWM_ledRed.o .\CortexM3\ARM_GCC_541\Debug\PWM_ledRed_PM.o .\CortexM3\ARM_GCC_541\Debug\PWM_ledYellow.o .\CortexM3\ARM_GCC_541\Debug\PWM_ledYellow_PM.o .\CortexM3\ARM_GCC_541\Debug\PWM_ledGreen.o .\CortexM3\ARM_GCC_541\Debug\PWM_ledGreen_PM.o .\CortexM3\ARM_GCC_541\Debug\Clock_1.o .\CortexM3\ARM_GCC_541\Debug\Pin_RGB_RED.o .\CortexM3\ARM_GCC_541\Debug\Pin_RGB_Blue.o .\CortexM3\ARM_GCC_541\Debug\Pin_RGB_Green.o .\CortexM3\ARM_GCC_541\Debug\ErikaOS_1_ee_gnu_change_context_isr.o .\CortexM3\ARM_GCC_541\Debug\ErikaOS_1_ee_gnu_irq_stack.o .\CortexM3\ARM_GCC_541\Debug\ErikaOS_1_ee_gnu_multi_context.o .\CortexM3\ARM_GCC_541\Debug\ErikaOS_1_ee_gnu_oo.o .\CortexM3\ARM_GCC_541\Debug\CyBootAsmGnu.o
arm-none-eabi-ar.exe: creating .\CortexM3\ARM_GCC_541\Debug\Reaction_Game_V2.a
arm-none-eabi-gcc.exe -Wl,--start-group -o "C:\Users\suhas\OneDrive\Documents\PSoC Creator\Workspace01\EOS_Assignment_1\Reaction_Game_V2.cydsn\CortexM3\ARM_GCC_541\Debug\Reaction_Game_V2.elf" .\CortexM3\ARM_GCC_541\Debug\main.o .\CortexM3\ARM_GCC_541\Debug\game.o .\CortexM3\ARM_GCC_541\Debug\seven.o .\CortexM3\ARM_GCC_541\Debug\led.o .\CortexM3\ARM_GCC_541\Debug\cyfitter_cfg.o .\CortexM3\ARM_GCC_541\Debug\cymetadata.o .\CortexM3\ARM_GCC_541\Debug\Cm3Start.o .\CortexM3\ARM_GCC_541\Debug\Reaction_Game_V2.a "C:\Program Files (x86)\Cypress\PSoC Creator\4.4\PSoC Creator\psoc\content\cycomponentlibrary\CyComponentLibrary.cylib\CortexM3\ARM_GCC_541\Debug\CyComponentLibrary.a" -mcpu=cortex-m3 -mthumb -L Generated_Source\PSoC5 -Wl,-Map,.\CortexM3\ARM_GCC_541\Debug/Reaction_Game_V2.map -T Generated_Source\PSoC5\cm3gcc.ld -specs=nano.specs -Wl,--gc-sections -g -ffunction-sections -Og -ffat-lto-objects -Wl,--end-group
cyelftool.exe -C "C:\Users\suhas\OneDrive\Documents\PSoC Creator\Workspace01\EOS_Assignment_1\Reaction_Game_V2.cydsn\CortexM3\ARM_GCC_541\Debug\Reaction_Game_V2.elf" --flash_row_size 256 --flash_size 262144 --flash_offset 0x00000000
No ELF section .cychecksum found, creating one
Application checksum calculated and stored in ELF section .cychecksum
Checksum calculated and stored in ELF section .cymeta
cyelftool.exe -S "C:\Users\suhas\OneDrive\Documents\PSoC Creator\Workspace01\EOS_Assignment_1\Reaction_Game_V2.cydsn\CortexM3\ARM_GCC_541\Debug\Reaction_Game_V2.elf"
Flash used: 9448 of 262144 bytes (3.6%).
SRAM used: 4089 of 65536 bytes (6.2%). Stack: 2048 bytes. Heap: 128 bytes.
--------------- Build Succeeded: 12/27/2022 21:27:50 ---------------
