--------------- Clean Started: 06/17/2021 11:46:15 Project: 050_ErrorHandling, Configuration: ARM GCC 5.4-2016-q2-update Debug ---------------
Deleting file ".\CortexM3\ARM_GCC_541\Debug\main.o"
Deleting file ".\CortexM3\ARM_GCC_541\Debug\swc_control.o"
Deleting file ".\CortexM3\ARM_GCC_541\Debug\swc_engine.o"
Deleting file ".\CortexM3\ARM_GCC_541\Debug\swc_remote.o"
Deleting file ".\CortexM3\ARM_GCC_541\Debug\tsk_control.o"
Deleting file ".\CortexM3\ARM_GCC_541\Debug\tsk_io.o"
Deleting file ".\CortexM3\ARM_GCC_541\Debug\tsk_system.o"
Deleting file ".\CortexM3\ARM_GCC_541\Debug\statemachine.o"
Deleting file ".\CortexM3\ARM_GCC_541\Debug\CTRL_autonomous.o"
Deleting file ".\CortexM3\ARM_GCC_541\Debug\CTRL_manual.o"
Deleting file ".\CortexM3\ARM_GCC_541\Debug\swc_monitor.o"
Deleting file ".\CortexM3\ARM_GCC_541\Debug\engine.o"
Deleting file ".\CortexM3\ARM_GCC_541\Debug\engine_cfg.o"
Deleting file ".\CortexM3\ARM_GCC_541\Debug\det.o"
Deleting file ".\CortexM3\ARM_GCC_541\Debug\logging.o"
Deleting file ".\CortexM3\ARM_GCC_541\Debug\det_cfg.o"
Deleting file ".\CortexM3\ARM_GCC_541\Debug\rte.o"
Deleting file ".\CortexM3\ARM_GCC_541\Debug\sc_joystick.o"
Deleting file ".\CortexM3\ARM_GCC_541\Debug\sp_common.o"
Deleting file ".\CortexM3\ARM_GCC_541\Debug\sc_carspeed.o"
Deleting file ".\CortexM3\ARM_GCC_541\Debug\sc_enginespeed.o"
Deleting file ".\CortexM3\ARM_GCC_541\Debug\sc_enginespeed_type.o"
Deleting file ".\CortexM3\ARM_GCC_541\Debug\sc_carstate.o"
Deleting file ".\CortexM3\ARM_GCC_541\Debug\sc_protocol.o"
Deleting file ".\CortexM3\ARM_GCC_541\Debug\sc_protocol_type.o"
Deleting file ".\CortexM3\ARM_GCC_541\Debug\sc_event_in.o"
Deleting file ".\CortexM3\ARM_GCC_541\Debug\sc_event_out.o"
Deleting file ".\CortexM3\ARM_GCC_541\Debug\sc_carerrorstate.o"
Deleting file ".\CortexM3\ARM_GCC_541\Debug\sc_carerrorstate_type.o"
Deleting file ".\CortexM3\ARM_GCC_541\Debug\sc_diagnosticrequest.o"
Deleting file ".\CortexM3\ARM_GCC_541\Debug\cyfitter_cfg.o"
Deleting file ".\CortexM3\ARM_GCC_541\Debug\cymetadata.o"
Deleting file ".\CortexM3\ARM_GCC_541\Debug\ErikaOS_1_ee_activate.o"
Deleting file ".\CortexM3\ARM_GCC_541\Debug\ErikaOS_1_ee_alcancel.o"
Deleting file ".\CortexM3\ARM_GCC_541\Debug\ErikaOS_1_ee_alget.o"
Deleting file ".\CortexM3\ARM_GCC_541\Debug\ErikaOS_1_ee_algetbase.o"
Deleting file ".\CortexM3\ARM_GCC_541\Debug\ErikaOS_1_ee_alsetabs.o"
Deleting file ".\CortexM3\ARM_GCC_541\Debug\ErikaOS_1_ee_alsetrel.o"
Deleting file ".\CortexM3\ARM_GCC_541\Debug\ErikaOS_1_ee_altick.o"
Deleting file ".\CortexM3\ARM_GCC_541\Debug\ErikaOS_1_ee_chaintas.o"
Deleting file ".\CortexM3\ARM_GCC_541\Debug\ErikaOS_1_ee_evclear.o"
Deleting file ".\CortexM3\ARM_GCC_541\Debug\ErikaOS_1_ee_evget.o"
Deleting file ".\CortexM3\ARM_GCC_541\Debug\ErikaOS_1_ee_evset.o"
Deleting file ".\CortexM3\ARM_GCC_541\Debug\ErikaOS_1_ee_evwait.o"
Deleting file ".\CortexM3\ARM_GCC_541\Debug\ErikaOS_1_ee_force_schedule.o"
Deleting file ".\CortexM3\ARM_GCC_541\Debug\ErikaOS_1_ee_getcountervalue.o"
Deleting file ".\CortexM3\ARM_GCC_541\Debug\ErikaOS_1_ee_getelapsedvalue.o"
Deleting file ".\CortexM3\ARM_GCC_541\Debug\ErikaOS_1_ee_gettaskid.o"
Deleting file ".\CortexM3\ARM_GCC_541\Debug\ErikaOS_1_ee_gettaskstate.o"
Deleting file ".\CortexM3\ARM_GCC_541\Debug\ErikaOS_1_ee_iparam.o"
Deleting file ".\CortexM3\ARM_GCC_541\Debug\ErikaOS_1_ee_irqendin.o"
Deleting file ".\CortexM3\ARM_GCC_541\Debug\ErikaOS_1_ee_lockres.o"
Deleting file ".\CortexM3\ARM_GCC_541\Debug\ErikaOS_1_ee_lookup.o"
Deleting file ".\CortexM3\ARM_GCC_541\Debug\ErikaOS_1_ee_rq_exchg.o"
Deleting file ".\CortexM3\ARM_GCC_541\Debug\ErikaOS_1_ee_rq_first.o"
Deleting file ".\CortexM3\ARM_GCC_541\Debug\ErikaOS_1_ee_rq_inser.o"
Deleting file ".\CortexM3\ARM_GCC_541\Debug\ErikaOS_1_ee_schedule.o"
Deleting file ".\CortexM3\ARM_GCC_541\Debug\ErikaOS_1_ee_semgetvalue.o"
Deleting file ".\CortexM3\ARM_GCC_541\Debug\ErikaOS_1_ee_sempost.o"
Deleting file ".\CortexM3\ARM_GCC_541\Debug\ErikaOS_1_ee_semtrywait.o"
Deleting file ".\CortexM3\ARM_GCC_541\Debug\ErikaOS_1_ee_semwait.o"
Deleting file ".\CortexM3\ARM_GCC_541\Debug\ErikaOS_1_ee_shtdown.o"
Deleting file ".\CortexM3\ARM_GCC_541\Debug\ErikaOS_1_ee_startos.o"
Deleting file ".\CortexM3\ARM_GCC_541\Debug\ErikaOS_1_ee_terminat.o"
Deleting file ".\CortexM3\ARM_GCC_541\Debug\ErikaOS_1_ee_thendin.o"
Deleting file ".\CortexM3\ARM_GCC_541\Debug\ErikaOS_1_ee_tnterm.o"
Deleting file ".\CortexM3\ARM_GCC_541\Debug\ErikaOS_1_ee_tstub.o"
Deleting file ".\CortexM3\ARM_GCC_541\Debug\ErikaOS_1_ee_ulockallres.o"
Deleting file ".\CortexM3\ARM_GCC_541\Debug\ErikaOS_1_ee_ulockres.o"
Deleting file ".\CortexM3\ARM_GCC_541\Debug\ErikaOS_1_cortex_mx_ee_context.o"
Deleting file ".\CortexM3\ARM_GCC_541\Debug\ErikaOS_1_cortex_mx_ee_system_timer.o"
Deleting file ".\CortexM3\ARM_GCC_541\Debug\ErikaOS_1_cortex_mx_ee_utils.o"
Deleting file ".\CortexM3\ARM_GCC_541\Debug\ErikaOS_1_ee_gnu_change_context_isr.o"
Deleting file ".\CortexM3\ARM_GCC_541\Debug\ErikaOS_1_ee_gnu_irq_stack.o"
Deleting file ".\CortexM3\ARM_GCC_541\Debug\ErikaOS_1_ee_gnu_multi_context.o"
Deleting file ".\CortexM3\ARM_GCC_541\Debug\ErikaOS_1_ee_gnu_oo.o"
Deleting file ".\CortexM3\ARM_GCC_541\Debug\ErikaOS_1_common_ee_hal_structs.o"
Deleting file ".\CortexM3\ARM_GCC_541\Debug\ErikaOS_1_eecfg.o"
Deleting file ".\CortexM3\ARM_GCC_541\Debug\cy_em_eeprom.o"
Deleting file ".\CortexM3\ARM_GCC_541\Debug\Cm3Start.o"
Deleting file ".\CortexM3\ARM_GCC_541\Debug\CyBootAsmGnu.o"
Deleting file ".\CortexM3\ARM_GCC_541\Debug\CyDmac.o"
Deleting file ".\CortexM3\ARM_GCC_541\Debug\CyFlash.o"
Deleting file ".\CortexM3\ARM_GCC_541\Debug\CyLib.o"
Deleting file ".\CortexM3\ARM_GCC_541\Debug\cyPm.o"
Deleting file ".\CortexM3\ARM_GCC_541\Debug\CySpc.o"
Deleting file ".\CortexM3\ARM_GCC_541\Debug\cyutils.o"
Deleting file ".\CortexM3\ARM_GCC_541\Debug\UART_LOG.o"
Deleting file ".\CortexM3\ARM_GCC_541\Debug\UART_LOG_PM.o"
Deleting file ".\CortexM3\ARM_GCC_541\Debug\UART_LOG_INT.o"
Deleting file ".\CortexM3\ARM_GCC_541\Debug\UART_LOG_BOOT.o"
Deleting file ".\CortexM3\ARM_GCC_541\Debug\UART_LOG_IntClock.o"
Deleting file ".\CortexM3\ARM_GCC_541\Debug\Engine_PWM_Front.o"
Deleting file ".\CortexM3\ARM_GCC_541\Debug\Engine_PWM_Front_PM.o"
Deleting file ".\CortexM3\ARM_GCC_541\Debug\Engine_PWM_Rear.o"
Deleting file ".\CortexM3\ARM_GCC_541\Debug\Engine_PWM_Rear_PM.o"
Deleting file ".\CortexM3\ARM_GCC_541\Debug\Engine_PWM_RR.o"
Deleting file ".\CortexM3\ARM_GCC_541\Debug\Engine_PWM_RL.o"
Deleting file ".\CortexM3\ARM_GCC_541\Debug\Engine_PWM_FR.o"
Deleting file ".\CortexM3\ARM_GCC_541\Debug\Engine_PWM_FL.o"
Deleting file ".\CortexM3\ARM_GCC_541\Debug\Clock_PWM.o"
Deleting file ".\CortexM3\ARM_GCC_541\Debug\Engine_Mode_FR_1.o"
Deleting file ".\CortexM3\ARM_GCC_541\Debug\Engine_Mode_FR_2.o"
Deleting file ".\CortexM3\ARM_GCC_541\Debug\Engine_Mode_FL_1.o"
Deleting file ".\CortexM3\ARM_GCC_541\Debug\Engine_Mode_FL_2.o"
Deleting file ".\CortexM3\ARM_GCC_541\Debug\Engine_Mode_RR_1.o"
Deleting file ".\CortexM3\ARM_GCC_541\Debug\Engine_Mode_RR_2.o"
Deleting file ".\CortexM3\ARM_GCC_541\Debug\Engine_Mode_RL_1.o"
Deleting file ".\CortexM3\ARM_GCC_541\Debug\Engine_Mode_RL_2.o"
Deleting file ".\CortexM3\ARM_GCC_541\Debug\QuadDec_FR.o"
Deleting file ".\CortexM3\ARM_GCC_541\Debug\QuadDec_FR_INT.o"
Deleting file ".\CortexM3\ARM_GCC_541\Debug\QuadDec_FR_PM.o"
Deleting file ".\CortexM3\ARM_GCC_541\Debug\Engine_QuadDec_FR_A.o"
Deleting file ".\CortexM3\ARM_GCC_541\Debug\Engine_QuadDec_FR_B.o"
Deleting file ".\CortexM3\ARM_GCC_541\Debug\QuadDec_FL.o"
Deleting file ".\CortexM3\ARM_GCC_541\Debug\QuadDec_FL_INT.o"
Deleting file ".\CortexM3\ARM_GCC_541\Debug\QuadDec_FL_PM.o"
Deleting file ".\CortexM3\ARM_GCC_541\Debug\Engine_QuadDec_FL_A.o"
Deleting file ".\CortexM3\ARM_GCC_541\Debug\Engine_QuadDec_FL_B.o"
Deleting file ".\CortexM3\ARM_GCC_541\Debug\QuadDec_RR.o"
Deleting file ".\CortexM3\ARM_GCC_541\Debug\QuadDec_RR_INT.o"
Deleting file ".\CortexM3\ARM_GCC_541\Debug\QuadDec_RR_PM.o"
Deleting file ".\CortexM3\ARM_GCC_541\Debug\Engine_QuadDec_RR_A.o"
Deleting file ".\CortexM3\ARM_GCC_541\Debug\Engine_QuadDec_RR_B.o"
Deleting file ".\CortexM3\ARM_GCC_541\Debug\Engine_QuadDec_RL_A.o"
Deleting file ".\CortexM3\ARM_GCC_541\Debug\Engine_QuadDec_RL_B.o"
Deleting file ".\CortexM3\ARM_GCC_541\Debug\QuadDec_RL.o"
Deleting file ".\CortexM3\ARM_GCC_541\Debug\QuadDec_RL_INT.o"
Deleting file ".\CortexM3\ARM_GCC_541\Debug\QuadDec_RL_PM.o"
Deleting file ".\CortexM3\ARM_GCC_541\Debug\QuadDec_FR_isr.o"
Deleting file ".\CortexM3\ARM_GCC_541\Debug\QuadDec_FR_Cnt16.o"
Deleting file ".\CortexM3\ARM_GCC_541\Debug\QuadDec_FR_Cnt16_PM.o"
Deleting file ".\CortexM3\ARM_GCC_541\Debug\QuadDec_FL_isr.o"
Deleting file ".\CortexM3\ARM_GCC_541\Debug\QuadDec_FL_Cnt16.o"
Deleting file ".\CortexM3\ARM_GCC_541\Debug\QuadDec_FL_Cnt16_PM.o"
Deleting file ".\CortexM3\ARM_GCC_541\Debug\QuadDec_RR_isr.o"
Deleting file ".\CortexM3\ARM_GCC_541\Debug\QuadDec_RR_Cnt16.o"
Deleting file ".\CortexM3\ARM_GCC_541\Debug\QuadDec_RR_Cnt16_PM.o"
Deleting file ".\CortexM3\ARM_GCC_541\Debug\QuadDec_RL_isr.o"
Deleting file ".\CortexM3\ARM_GCC_541\Debug\QuadDec_RL_Cnt16.o"
Deleting file ".\CortexM3\ARM_GCC_541\Debug\QuadDec_RL_Cnt16_PM.o"
Deleting file ".\CortexM3\ARM_GCC_541\Debug\Engine_Mode_FR.o"
Deleting file ".\CortexM3\ARM_GCC_541\Debug\Engine_Mode_FR_PM.o"
Deleting file ".\CortexM3\ARM_GCC_541\Debug\Engine_Mode_RR.o"
Deleting file ".\CortexM3\ARM_GCC_541\Debug\Engine_Mode_RR_PM.o"
Deleting file ".\CortexM3\ARM_GCC_541\Debug\Engine_Mode_FL.o"
Deleting file ".\CortexM3\ARM_GCC_541\Debug\Engine_Mode_FL_PM.o"
Deleting file ".\CortexM3\ARM_GCC_541\Debug\Engine_Mode_RL.o"
Deleting file ".\CortexM3\ARM_GCC_541\Debug\Engine_Mode_RL_PM.o"
Deleting file ".\CortexM3\ARM_GCC_541\Debug\XBee.o"
Deleting file ".\CortexM3\ARM_GCC_541\Debug\XBee_PM.o"
Deleting file ".\CortexM3\ARM_GCC_541\Debug\XBee_INT.o"
Deleting file ".\CortexM3\ARM_GCC_541\Debug\XBee_BOOT.o"
Deleting file ".\CortexM3\ARM_GCC_541\Debug\Xbee_rx_isr.o"
Deleting file ".\CortexM3\ARM_GCC_541\Debug\XBee_IntClock.o"
Deleting file ".\CortexM3\ARM_GCC_541\Debug\LED_Red.o"
Deleting file ".\CortexM3\ARM_GCC_541\Debug\LED_Yellow.o"
Deleting file ".\CortexM3\ARM_GCC_541\Debug\LED_Green.o"
Deleting file ".\CortexM3\ARM_GCC_541\Debug\ENGINE_OnOff.o"
Deleting file ".\CortexM3\ARM_GCC_541\Debug\ENGINE_OnOff_PM.o"
Deleting file ".\CortexM3\ARM_GCC_541\Debug\isr_uart_usb.o"
Deleting file ".\CortexM3\ARM_GCC_541\Debug\050_ErrorHandling.hex"
Deleting file ".\CortexM3\ARM_GCC_541\Debug\050_ErrorHandling.map"
Deleting file ".\050_ErrorHandling.cycdx"
Deleting file ".\050_ErrorHandling.svd"
Deleting file ".\050_ErrorHandling.rpt"
Deleting file ".\050_ErrorHandling_timing.html"
Deleting file ".\CortexM3\ARM_GCC_541\Debug\.deps\SOURCE_C__ARM_GCC_GENERIC.P"
Deleting file ".\CortexM3\ARM_GCC_541\Debug\.deps\SOURCE_ASM__ARM_GCC_GENERIC.P"
--------------- Clean Succeeded: 06/17/2021 11:46:15 ---------------
